<?xml version="1.0" encoding="UTF-8"?>
<testsuite name="com.example.couponcore.model.CouponTest" tests="12" skipped="0" failures="0" errors="0" timestamp="2024-10-31T10:17:13" hostname="jeongchan-yong-ui-MacBookPro.local" time="0.023">
  <properties/>
  <testcase name="발급 기간이 시작되지 않았다면 false를 반환한다" classname="com.example.couponcore.model.CouponTest" time="0.008"/>
  <testcase name="발급 기간에 해당되면 true를 반환한다" classname="com.example.couponcore.model.CouponTest" time="0.001"/>
  <testcase name="발급 기간이 종료되면 false를 반환한다" classname="com.example.couponcore.model.CouponTest" time="0.0"/>
  <testcase name="발급 수량이 남아있다면 true를 반환한다" classname="com.example.couponcore.model.CouponTest" time="0.0"/>
  <testcase name="발급 수량이 소진되었다면 false를 반환한다" classname="com.example.couponcore.model.CouponTest" time="0.0"/>
  <testcase name="최대 발급 수량이 설정되지 않았다면 true를 반환한다" classname="com.example.couponcore.model.CouponTest" time="0.001"/>
  <testcase name="발급 기간이 종료되면 true를 반환한다" classname="com.example.couponcore.model.CouponTest" time="0.001"/>
  <testcase name="잔여 발급 가능 수량이 없다면 true를 반환한다" classname="com.example.couponcore.model.CouponTest" time="0.001"/>
  <testcase name="발급 기한과 수량이 유효하면 false를 반환한다" classname="com.example.couponcore.model.CouponTest" time="0.001"/>
  <testcase name="발급 수량과 발급 기간이 유효하다면 발급에 성공한다" classname="com.example.couponcore.model.CouponTest" time="0.001"/>
  <testcase name="발급 수량을 초과하면 예외를 반환한다" classname="com.example.couponcore.model.CouponTest" time="0.002"/>
  <testcase name="발급 기간이 아니면 예외를 반환한다" classname="com.example.couponcore.model.CouponTest" time="0.001"/>
  <system-out><![CDATA[]]></system-out>
  <system-err><![CDATA[]]></system-err>
</testsuite>
